;  LST file generated by mikroListExporter - v.2.0 
; Date/Time: 2/10/2017 3:55:45 PM
;----------------------------------------------

;Address Opcode 	ASM
0x0000	0x29AF      	GOTO       431
_interrupt:
0x0004	0x00FF      	MOVWF      R15
0x0005	0x0E03      	SWAPF      STATUS, 0
0x0006	0x0183      	CLRF       STATUS
0x0007	0x00BE      	MOVWF      ___saveSTATUS
0x0008	0x080A      	MOVF       PCLATH, 0
0x0009	0x00BD      	MOVWF      ___savePCLATH
0x000A	0x018A      	CLRF       PCLATH
;Timer Interrupt.c,46 :: 		void interrupt() {        // Interrupt handler
;Timer Interrupt.c,47 :: 		if (INTCON.TMR0IF==1) {     // check for timer 0 interrupt flag
0x000B	0x1D0B      	BTFSS      INTCON, 2
0x000C	0x2813      	GOTO       L_interrupt3
;Timer Interrupt.c,48 :: 		counter++;                // increment 1 every interrupt
0x000D	0x0AA0      	INCF       _counter, 1
0x000E	0x1903      	BTFSC      STATUS, 2
0x000F	0x0AA1      	INCF       _counter+1, 1
;Timer Interrupt.c,49 :: 		INTCON.TMR0IF=0;          // reset the TMR0IF flag
0x0010	0x110B      	BCF        INTCON, 2
;Timer Interrupt.c,50 :: 		TMR0=6;                   // store 6 in the TMR0 register
0x0011	0x3006      	MOVLW      6
0x0012	0x0081      	MOVWF      TMR0
;Timer Interrupt.c,51 :: 		}
L_interrupt3:
;Timer Interrupt.c,52 :: 		}
L_end_interrupt:
L__interrupt8:
0x0013	0x083D      	MOVF       ___savePCLATH, 0
0x0014	0x008A      	MOVWF      PCLATH
0x0015	0x0E3E      	SWAPF      ___saveSTATUS, 0
0x0016	0x0083      	MOVWF      STATUS
0x0017	0x0EFF      	SWAPF      R15, 1
0x0018	0x0E7F      	SWAPF      R15, 0
0x0019	0x0009      	RETFIE
; end of _interrupt
_Delay_1us:
;__Lib_Delays.c,7 :: 		void Delay_1us() {
;__Lib_Delays.c,8 :: 		Delay_us(1);
0x001A	0x0000      	NOP
;__Lib_Delays.c,9 :: 		}
L_end_Delay_1us:
0x001B	0x0008      	RETURN
; end of _Delay_1us
_Delay_50us:
;__Lib_Delays.c,19 :: 		void Delay_50us() {
;__Lib_Delays.c,20 :: 		Delay_us(50);
0x001C	0x3010      	MOVLW      16
0x001D	0x1283      	BCF        STATUS, 5
0x001E	0x1303      	BCF        STATUS, 6
0x001F	0x00FD      	MOVWF      R13
L_Delay_50us2:
0x0020	0x0BFD      	DECFSZ     R13, 1
0x0021	0x2820      	GOTO       L_Delay_50us2
0x0022	0x0000      	NOP
;__Lib_Delays.c,21 :: 		}
L_end_Delay_50us:
0x0023	0x0008      	RETURN
; end of _Delay_50us
_Delay_5500us:
;__Lib_Delays.c,31 :: 		void Delay_5500us() {
;__Lib_Delays.c,32 :: 		Delay_us(5500);
0x0024	0x3008      	MOVLW      8
0x0025	0x1283      	BCF        STATUS, 5
0x0026	0x1303      	BCF        STATUS, 6
0x0027	0x00FC      	MOVWF      R12
0x0028	0x3023      	MOVLW      35
0x0029	0x00FD      	MOVWF      R13
L_Delay_5500us5:
0x002A	0x0BFD      	DECFSZ     R13, 1
0x002B	0x282A      	GOTO       L_Delay_5500us5
0x002C	0x0BFC      	DECFSZ     R12, 1
0x002D	0x282A      	GOTO       L_Delay_5500us5
;__Lib_Delays.c,33 :: 		}
L_end_Delay_5500us:
0x002E	0x0008      	RETURN
; end of _Delay_5500us
_Lcd_Cmd:
;__Lib_Lcd.c,18 :: 		
;__Lib_Lcd.c,20 :: 		
0x002F	0x1283      	BCF        STATUS, 5
0x0030	0x1303      	BCF        STATUS, 6
0x0031	0x1BC8      	BTFSC      FARG_Lcd_Cmd_out_char, 7
0x0032	0x2835      	GOTO       L__Lcd_Cmd21
0x0033	0x1186      	BCF        LCD_D7, BitPos(LCD_D7+0)
0x0034	0x2836      	GOTO       L__Lcd_Cmd22
L__Lcd_Cmd21:
0x0035	0x1586      	BSF        LCD_D7, BitPos(LCD_D7+0)
L__Lcd_Cmd22:
;__Lib_Lcd.c,21 :: 		
0x0036	0x1B48      	BTFSC      FARG_Lcd_Cmd_out_char, 6
0x0037	0x283A      	GOTO       L__Lcd_Cmd23
0x0038	0x1106      	BCF        LCD_D6, BitPos(LCD_D6+0)
0x0039	0x283B      	GOTO       L__Lcd_Cmd24
L__Lcd_Cmd23:
0x003A	0x1506      	BSF        LCD_D6, BitPos(LCD_D6+0)
L__Lcd_Cmd24:
;__Lib_Lcd.c,22 :: 		
0x003B	0x1AC8      	BTFSC      FARG_Lcd_Cmd_out_char, 5
0x003C	0x283F      	GOTO       L__Lcd_Cmd25
0x003D	0x1086      	BCF        LCD_D5, BitPos(LCD_D5+0)
0x003E	0x2840      	GOTO       L__Lcd_Cmd26
L__Lcd_Cmd25:
0x003F	0x1486      	BSF        LCD_D5, BitPos(LCD_D5+0)
L__Lcd_Cmd26:
;__Lib_Lcd.c,23 :: 		
0x0040	0x1A48      	BTFSC      FARG_Lcd_Cmd_out_char, 4
0x0041	0x2844      	GOTO       L__Lcd_Cmd27
0x0042	0x1006      	BCF        LCD_D4, BitPos(LCD_D4+0)
0x0043	0x2845      	GOTO       L__Lcd_Cmd28
L__Lcd_Cmd27:
0x0044	0x1406      	BSF        LCD_D4, BitPos(LCD_D4+0)
L__Lcd_Cmd28:
;__Lib_Lcd.c,25 :: 		
0x0045	0x1833      	BTFSC      __Lib_Lcd_cmd_status, BitPos(__Lib_Lcd_cmd_status+0)
0x0046	0x2849      	GOTO       L__Lcd_Cmd29
0x0047	0x1606      	BSF        LCD_RS, BitPos(LCD_RS+0)
0x0048	0x284A      	GOTO       L__Lcd_Cmd30
L__Lcd_Cmd29:
0x0049	0x1206      	BCF        LCD_RS, BitPos(LCD_RS+0)
L__Lcd_Cmd30:
;__Lib_Lcd.c,28 :: 		
0x004A	0x1686      	BSF        LCD_EN, BitPos(LCD_EN+0)
;__Lib_Lcd.c,29 :: 		
0x004B	0x201A      	CALL       _Delay_1us
;__Lib_Lcd.c,30 :: 		
0x004C	0x1286      	BCF        LCD_EN, BitPos(LCD_EN+0)
;__Lib_Lcd.c,33 :: 		
0x004D	0x19C8      	BTFSC      FARG_Lcd_Cmd_out_char, 3
0x004E	0x2851      	GOTO       L__Lcd_Cmd31
0x004F	0x1186      	BCF        LCD_D7, BitPos(LCD_D7+0)
0x0050	0x2852      	GOTO       L__Lcd_Cmd32
L__Lcd_Cmd31:
0x0051	0x1586      	BSF        LCD_D7, BitPos(LCD_D7+0)
L__Lcd_Cmd32:
;__Lib_Lcd.c,34 :: 		
0x0052	0x1948      	BTFSC      FARG_Lcd_Cmd_out_char, 2
0x0053	0x2856      	GOTO       L__Lcd_Cmd33
0x0054	0x1106      	BCF        LCD_D6, BitPos(LCD_D6+0)
0x0055	0x2857      	GOTO       L__Lcd_Cmd34
L__Lcd_Cmd33:
0x0056	0x1506      	BSF        LCD_D6, BitPos(LCD_D6+0)
L__Lcd_Cmd34:
;__Lib_Lcd.c,35 :: 		
0x0057	0x18C8      	BTFSC      FARG_Lcd_Cmd_out_char, 1
0x0058	0x285B      	GOTO       L__Lcd_Cmd35
0x0059	0x1086      	BCF        LCD_D5, BitPos(LCD_D5+0)
0x005A	0x285C      	GOTO       L__Lcd_Cmd36
L__Lcd_Cmd35:
0x005B	0x1486      	BSF        LCD_D5, BitPos(LCD_D5+0)
L__Lcd_Cmd36:
;__Lib_Lcd.c,36 :: 		
0x005C	0x1848      	BTFSC      FARG_Lcd_Cmd_out_char, 0
0x005D	0x2860      	GOTO       L__Lcd_Cmd37
0x005E	0x1006      	BCF        LCD_D4, BitPos(LCD_D4+0)
0x005F	0x2861      	GOTO       L__Lcd_Cmd38
L__Lcd_Cmd37:
0x0060	0x1406      	BSF        LCD_D4, BitPos(LCD_D4+0)
L__Lcd_Cmd38:
;__Lib_Lcd.c,38 :: 		
0x0061	0x1833      	BTFSC      __Lib_Lcd_cmd_status, BitPos(__Lib_Lcd_cmd_status+0)
0x0062	0x2865      	GOTO       L__Lcd_Cmd39
0x0063	0x1606      	BSF        LCD_RS, BitPos(LCD_RS+0)
0x0064	0x2866      	GOTO       L__Lcd_Cmd40
L__Lcd_Cmd39:
0x0065	0x1206      	BCF        LCD_RS, BitPos(LCD_RS+0)
L__Lcd_Cmd40:
;__Lib_Lcd.c,40 :: 		
0x0066	0x1686      	BSF        LCD_EN, BitPos(LCD_EN+0)
;__Lib_Lcd.c,41 :: 		
0x0067	0x201A      	CALL       _Delay_1us
;__Lib_Lcd.c,42 :: 		
0x0068	0x1286      	BCF        LCD_EN, BitPos(LCD_EN+0)
;__Lib_Lcd.c,44 :: 		
0x0069	0x1C33      	BTFSS      __Lib_Lcd_cmd_status, BitPos(__Lib_Lcd_cmd_status+0)
0x006A	0x286D      	GOTO       L_Lcd_Cmd0
;__Lib_Lcd.c,45 :: 		
0x006B	0x2024      	CALL       _Delay_5500us
0x006C	0x286E      	GOTO       L_Lcd_Cmd1
L_Lcd_Cmd0:
;__Lib_Lcd.c,47 :: 		
0x006D	0x201C      	CALL       _Delay_50us
L_Lcd_Cmd1:
;__Lib_Lcd.c,48 :: 		
L_end_Lcd_Cmd:
0x006E	0x0008      	RETURN
; end of _Lcd_Cmd
_Div_16X16_U:
;__Lib_Math.c,215 :: 		
;__Lib_Math.c,222 :: 		
0x006F	0x1283      	BCF        STATUS, 5
;__Lib_Math.c,223 :: 		
0x0070	0x1303      	BCF        STATUS, 6
;__Lib_Math.c,224 :: 		
0x0071	0x01F8      	CLRF       R8
;__Lib_Math.c,225 :: 		
0x0072	0x01F9      	CLRF       R9
;__Lib_Math.c,226 :: 		
0x0073	0x3010      	MOVLW      16
;__Lib_Math.c,227 :: 		
0x0074	0x00FC      	MOVWF      R12
;__Lib_Math.c,228 :: 		
0x0075	0x0D71      	RLF        R1, 0
;__Lib_Math.c,229 :: 		
0x0076	0x0DF8      	RLF        R8, 1
;__Lib_Math.c,230 :: 		
0x0077	0x0DF9      	RLF        R9, 1
;__Lib_Math.c,231 :: 		
0x0078	0x0874      	MOVF       R4, 0
;__Lib_Math.c,232 :: 		
0x0079	0x02F8      	SUBWF      R8, 1
;__Lib_Math.c,233 :: 		
0x007A	0x0875      	MOVF       R5, 0
;__Lib_Math.c,234 :: 		
0x007B	0x1C03      	BTFSS      STATUS, 0
;__Lib_Math.c,235 :: 		
0x007C	0x0F75      	INCFSZ     R5, 0
;__Lib_Math.c,236 :: 		
0x007D	0x02F9      	SUBWF      R9, 1
;__Lib_Math.c,237 :: 		
0x007E	0x1803      	BTFSC      STATUS, 0
;__Lib_Math.c,238 :: 		
0x007F	0x2887      	GOTO       $+8
;__Lib_Math.c,239 :: 		
0x0080	0x0874      	MOVF       R4, 0
;__Lib_Math.c,240 :: 		
0x0081	0x07F8      	ADDWF      R8, 1
;__Lib_Math.c,241 :: 		
0x0082	0x0875      	MOVF       R5, 0
;__Lib_Math.c,242 :: 		
0x0083	0x1803      	BTFSC      STATUS, 0
;__Lib_Math.c,243 :: 		
0x0084	0x0F75      	INCFSZ     R5, 0
;__Lib_Math.c,244 :: 		
0x0085	0x07F9      	ADDWF      R9, 1
;__Lib_Math.c,245 :: 		
0x0086	0x1003      	BCF        STATUS, 0
;__Lib_Math.c,246 :: 		
0x0087	0x0DF0      	RLF        R0, 1
;__Lib_Math.c,247 :: 		
0x0088	0x0DF1      	RLF        R1, 1
;__Lib_Math.c,248 :: 		
0x0089	0x0BFC      	DECFSZ     R12, 1
;__Lib_Math.c,249 :: 		
0x008A	0x2875      	GOTO       $-21
;__Lib_Math.c,251 :: 		
L_end_Div_16X16_U:
0x008B	0x0008      	RETURN
; end of _Div_16X16_U
_____DoICP:
;__Lib_System.c,6 :: 		
;__Lib_System.c,9 :: 		
0x008C	0x1283      	BCF        STATUS, 5
0x008D	0x1303      	BCF        STATUS, 6
0x008E	0x083C      	MOVF       ___DoICPAddr+1, 0
0x008F	0x008A      	MOVWF      PCLATH
;__Lib_System.c,10 :: 		
0x0090	0x083B      	MOVF       ___DoICPAddr, 0
0x0091	0x0082      	MOVWF      PCL
;__Lib_System.c,12 :: 		
L_end_____DoICP:
0x0092	0x0008      	RETURN
; end of _____DoICP
_Lcd_Chr_CP:
;__Lib_Lcd.c,50 :: 		
;__Lib_Lcd.c,52 :: 		
0x0093	0x1283      	BCF        STATUS, 5
0x0094	0x1303      	BCF        STATUS, 6
0x0095	0x1033      	BCF        __Lib_Lcd_cmd_status, BitPos(__Lib_Lcd_cmd_status+0)
;__Lib_Lcd.c,53 :: 		
0x0096	0x0847      	MOVF       FARG_Lcd_Chr_CP_out_char, 0
0x0097	0x00C8      	MOVWF      FARG_Lcd_Cmd_out_char
0x0098	0x202F      	CALL       _Lcd_Cmd
;__Lib_Lcd.c,54 :: 		
0x0099	0x1433      	BSF        __Lib_Lcd_cmd_status, BitPos(__Lib_Lcd_cmd_status+0)
;__Lib_Lcd.c,55 :: 		
L_end_Lcd_Chr_CP:
0x009A	0x0008      	RETURN
; end of _Lcd_Chr_CP
_IntToStrWithZeros:
;__Lib_Conversions.c,174 :: 		
;__Lib_Conversions.c,179 :: 		
0x009B	0x1283      	BCF        STATUS, 5
0x009C	0x1303      	BCF        STATUS, 6
0x009D	0x01C3      	CLRF       IntToStrWithZeros_len_L0
L_IntToStrWithZeros29:
0x009E	0x3006      	MOVLW      6
0x009F	0x0243      	SUBWF      IntToStrWithZeros_len_L0, 0
0x00A0	0x1803      	BTFSC      STATUS, 0
0x00A1	0x28A9      	GOTO       L_IntToStrWithZeros30
;__Lib_Conversions.c,180 :: 		
0x00A2	0x0843      	MOVF       IntToStrWithZeros_len_L0, 0
0x00A3	0x0741      	ADDWF      FARG_IntToStrWithZeros_output, 0
0x00A4	0x0084      	MOVWF      FSR
0x00A5	0x3030      	MOVLW      48
0x00A6	0x0080      	MOVWF      INDF
;__Lib_Conversions.c,179 :: 		
0x00A7	0x0AC3      	INCF       IntToStrWithZeros_len_L0, 1
;__Lib_Conversions.c,180 :: 		
0x00A8	0x289E      	GOTO       L_IntToStrWithZeros29
L_IntToStrWithZeros30:
;__Lib_Conversions.c,182 :: 		
0x00A9	0x0843      	MOVF       IntToStrWithZeros_len_L0, 0
0x00AA	0x0741      	ADDWF      FARG_IntToStrWithZeros_output, 0
0x00AB	0x0084      	MOVWF      FSR
0x00AC	0x0180      	CLRF       INDF
;__Lib_Conversions.c,184 :: 		
0x00AD	0x3000      	MOVLW      0
0x00AE	0x0640      	XORWF      FARG_IntToStrWithZeros_input+1, 0
0x00AF	0x1D03      	BTFSS      STATUS, 2
0x00B0	0x28B3      	GOTO       L__IntToStrWithZeros118
0x00B1	0x3000      	MOVLW      0
0x00B2	0x063F      	XORWF      FARG_IntToStrWithZeros_input, 0
L__IntToStrWithZeros118:
0x00B3	0x1D03      	BTFSS      STATUS, 2
0x00B4	0x28B6      	GOTO       L_IntToStrWithZeros32
;__Lib_Conversions.c,185 :: 		
0x00B5	0x2907      	GOTO       L_end_IntToStrWithZeros
;__Lib_Conversions.c,186 :: 		
L_IntToStrWithZeros32:
;__Lib_Conversions.c,188 :: 		
0x00B6	0x01C2      	CLRF       IntToStrWithZeros_negative_L0
;__Lib_Conversions.c,190 :: 		
0x00B7	0x3080      	MOVLW      128
0x00B8	0x0640      	XORWF      FARG_IntToStrWithZeros_input+1, 0
0x00B9	0x00F0      	MOVWF      R0
0x00BA	0x3080      	MOVLW      128
0x00BB	0x0270      	SUBWF      R0, 0
0x00BC	0x1D03      	BTFSS      STATUS, 2
0x00BD	0x28C0      	GOTO       L__IntToStrWithZeros119
0x00BE	0x3000      	MOVLW      0
0x00BF	0x023F      	SUBWF      FARG_IntToStrWithZeros_input, 0
L__IntToStrWithZeros119:
0x00C0	0x1803      	BTFSC      STATUS, 0
0x00C1	0x28CD      	GOTO       L_IntToStrWithZeros33
;__Lib_Conversions.c,191 :: 		
0x00C2	0x3001      	MOVLW      1
0x00C3	0x00C2      	MOVWF      IntToStrWithZeros_negative_L0
;__Lib_Conversions.c,192 :: 		
0x00C4	0x083F      	MOVF       FARG_IntToStrWithZeros_input, 0
0x00C5	0x3C00      	SUBLW      0
0x00C6	0x00C4      	MOVWF      IntToStrWithZeros_tmp_L0
0x00C7	0x0840      	MOVF       FARG_IntToStrWithZeros_input+1, 0
0x00C8	0x1C03      	BTFSS      STATUS, 0
0x00C9	0x3E01      	ADDLW      1
0x00CA	0x01C5      	CLRF       IntToStrWithZeros_tmp_L0+1
0x00CB	0x02C5      	SUBWF      IntToStrWithZeros_tmp_L0+1, 1
;__Lib_Conversions.c,193 :: 		
0x00CC	0x28D1      	GOTO       L_IntToStrWithZeros34
L_IntToStrWithZeros33:
;__Lib_Conversions.c,194 :: 		
0x00CD	0x083F      	MOVF       FARG_IntToStrWithZeros_input, 0
0x00CE	0x00C4      	MOVWF      IntToStrWithZeros_tmp_L0
0x00CF	0x0840      	MOVF       FARG_IntToStrWithZeros_input+1, 0
0x00D0	0x00C5      	MOVWF      IntToStrWithZeros_tmp_L0+1
;__Lib_Conversions.c,195 :: 		
L_IntToStrWithZeros34:
;__Lib_Conversions.c,197 :: 		
0x00D1	0x3005      	MOVLW      5
0x00D2	0x00C3      	MOVWF      IntToStrWithZeros_len_L0
;__Lib_Conversions.c,198 :: 		
L_IntToStrWithZeros35:
0x00D3	0x3000      	MOVLW      0
0x00D4	0x0645      	XORWF      IntToStrWithZeros_tmp_L0+1, 0
0x00D5	0x1D03      	BTFSS      STATUS, 2
0x00D6	0x28D9      	GOTO       L__IntToStrWithZeros120
0x00D7	0x3000      	MOVLW      0
0x00D8	0x0644      	XORWF      IntToStrWithZeros_tmp_L0, 0
L__IntToStrWithZeros120:
0x00D9	0x1903      	BTFSC      STATUS, 2
0x00DA	0x2900      	GOTO       L_IntToStrWithZeros36
;__Lib_Conversions.c,199 :: 		
0x00DB	0x0843      	MOVF       IntToStrWithZeros_len_L0, 0
0x00DC	0x0741      	ADDWF      FARG_IntToStrWithZeros_output, 0
0x00DD	0x00C6      	MOVWF      FLOC__IntToStrWithZeros
0x00DE	0x300A      	MOVLW      10
0x00DF	0x00F4      	MOVWF      R4
0x00E0	0x3000      	MOVLW      0
0x00E1	0x00F5      	MOVWF      R4+1
0x00E2	0x0844      	MOVF       IntToStrWithZeros_tmp_L0, 0
0x00E3	0x00F0      	MOVWF      R0
0x00E4	0x0845      	MOVF       IntToStrWithZeros_tmp_L0+1, 0
0x00E5	0x00F1      	MOVWF      R0+1
0x00E6	0x206F      	CALL       _Div_16X16_U
0x00E7	0x0878      	MOVF       R8, 0
0x00E8	0x00F0      	MOVWF      R0
0x00E9	0x0879      	MOVF       R8+1, 0
0x00EA	0x00F1      	MOVWF      R0+1
0x00EB	0x3030      	MOVLW      48
0x00EC	0x07F0      	ADDWF      R0, 1
0x00ED	0x0846      	MOVF       FLOC__IntToStrWithZeros, 0
0x00EE	0x0084      	MOVWF      FSR
0x00EF	0x0870      	MOVF       R0, 0
0x00F0	0x0080      	MOVWF      INDF
0x00F1	0x03C3      	DECF       IntToStrWithZeros_len_L0, 1
;__Lib_Conversions.c,200 :: 		
0x00F2	0x300A      	MOVLW      10
0x00F3	0x00F4      	MOVWF      R4
0x00F4	0x3000      	MOVLW      0
0x00F5	0x00F5      	MOVWF      R4+1
0x00F6	0x0844      	MOVF       IntToStrWithZeros_tmp_L0, 0
0x00F7	0x00F0      	MOVWF      R0
0x00F8	0x0845      	MOVF       IntToStrWithZeros_tmp_L0+1, 0
0x00F9	0x00F1      	MOVWF      R0+1
0x00FA	0x206F      	CALL       _Div_16X16_U
0x00FB	0x0870      	MOVF       R0, 0
0x00FC	0x00C4      	MOVWF      IntToStrWithZeros_tmp_L0
0x00FD	0x0871      	MOVF       R0+1, 0
0x00FE	0x00C5      	MOVWF      IntToStrWithZeros_tmp_L0+1
;__Lib_Conversions.c,201 :: 		
0x00FF	0x28D3      	GOTO       L_IntToStrWithZeros35
L_IntToStrWithZeros36:
;__Lib_Conversions.c,203 :: 		
0x0100	0x0842      	MOVF       IntToStrWithZeros_negative_L0, 0
0x0101	0x1903      	BTFSC      STATUS, 2
0x0102	0x2907      	GOTO       L_IntToStrWithZeros37
;__Lib_Conversions.c,204 :: 		
0x0103	0x0841      	MOVF       FARG_IntToStrWithZeros_output, 0
0x0104	0x0084      	MOVWF      FSR
0x0105	0x302D      	MOVLW      45
0x0106	0x0080      	MOVWF      INDF
L_IntToStrWithZeros37:
;__Lib_Conversions.c,205 :: 		
L_end_IntToStrWithZeros:
0x0107	0x0008      	RETURN
; end of _IntToStrWithZeros
_Lcd_Out:
;__Lib_Lcd.c,184 :: 		
;__Lib_Lcd.c,187 :: 		
0x0108	0x291A      	GOTO       L_Lcd_Out11
;__Lib_Lcd.c,188 :: 		
L_Lcd_Out13:
0x0109	0x3080      	MOVLW      128
0x010A	0x1283      	BCF        STATUS, 5
0x010B	0x1303      	BCF        STATUS, 6
0x010C	0x00BF      	MOVWF      FARG_Lcd_Out_row
0x010D	0x292D      	GOTO       L_Lcd_Out12
;__Lib_Lcd.c,189 :: 		
L_Lcd_Out14:
0x010E	0x30C0      	MOVLW      192
0x010F	0x00BF      	MOVWF      FARG_Lcd_Out_row
0x0110	0x292D      	GOTO       L_Lcd_Out12
;__Lib_Lcd.c,190 :: 		
L_Lcd_Out15:
0x0111	0x3094      	MOVLW      148
0x0112	0x00BF      	MOVWF      FARG_Lcd_Out_row
0x0113	0x292D      	GOTO       L_Lcd_Out12
;__Lib_Lcd.c,191 :: 		
L_Lcd_Out16:
0x0114	0x30D4      	MOVLW      212
0x0115	0x00BF      	MOVWF      FARG_Lcd_Out_row
0x0116	0x292D      	GOTO       L_Lcd_Out12
;__Lib_Lcd.c,192 :: 		
L_Lcd_Out17:
0x0117	0x3080      	MOVLW      128
0x0118	0x00BF      	MOVWF      FARG_Lcd_Out_row
;__Lib_Lcd.c,193 :: 		
0x0119	0x292D      	GOTO       L_Lcd_Out12
L_Lcd_Out11:
0x011A	0x1283      	BCF        STATUS, 5
0x011B	0x1303      	BCF        STATUS, 6
0x011C	0x083F      	MOVF       FARG_Lcd_Out_row, 0
0x011D	0x3A01      	XORLW      1
0x011E	0x1903      	BTFSC      STATUS, 2
0x011F	0x2909      	GOTO       L_Lcd_Out13
0x0120	0x083F      	MOVF       FARG_Lcd_Out_row, 0
0x0121	0x3A02      	XORLW      2
0x0122	0x1903      	BTFSC      STATUS, 2
0x0123	0x290E      	GOTO       L_Lcd_Out14
0x0124	0x083F      	MOVF       FARG_Lcd_Out_row, 0
0x0125	0x3A03      	XORLW      3
0x0126	0x1903      	BTFSC      STATUS, 2
0x0127	0x2911      	GOTO       L_Lcd_Out15
0x0128	0x083F      	MOVF       FARG_Lcd_Out_row, 0
0x0129	0x3A04      	XORLW      4
0x012A	0x1903      	BTFSC      STATUS, 2
0x012B	0x2914      	GOTO       L_Lcd_Out16
0x012C	0x2917      	GOTO       L_Lcd_Out17
L_Lcd_Out12:
;__Lib_Lcd.c,194 :: 		
0x012D	0x0340      	DECF       FARG_Lcd_Out_column, 0
0x012E	0x00F0      	MOVWF      R0
0x012F	0x083F      	MOVF       FARG_Lcd_Out_row, 0
0x0130	0x07F0      	ADDWF      R0, 1
0x0131	0x0870      	MOVF       R0, 0
0x0132	0x00BF      	MOVWF      FARG_Lcd_Out_row
;__Lib_Lcd.c,196 :: 		
0x0133	0x0870      	MOVF       R0, 0
0x0134	0x00C8      	MOVWF      FARG_Lcd_Cmd_out_char
0x0135	0x202F      	CALL       _Lcd_Cmd
;__Lib_Lcd.c,197 :: 		
0x0136	0x1033      	BCF        __Lib_Lcd_cmd_status, BitPos(__Lib_Lcd_cmd_status+0)
;__Lib_Lcd.c,198 :: 		
0x0137	0x01C2      	CLRF       Lcd_Out_i_L0
;__Lib_Lcd.c,199 :: 		
L_Lcd_Out18:
0x0138	0x0842      	MOVF       Lcd_Out_i_L0, 0
0x0139	0x0741      	ADDWF      FARG_Lcd_Out_text, 0
0x013A	0x0084      	MOVWF      FSR
0x013B	0x0800      	MOVF       INDF, 0
0x013C	0x1903      	BTFSC      STATUS, 2
0x013D	0x2946      	GOTO       L_Lcd_Out19
;__Lib_Lcd.c,200 :: 		
0x013E	0x0842      	MOVF       Lcd_Out_i_L0, 0
0x013F	0x0741      	ADDWF      FARG_Lcd_Out_text, 0
0x0140	0x0084      	MOVWF      FSR
0x0141	0x0800      	MOVF       INDF, 0
0x0142	0x00C7      	MOVWF      FARG_Lcd_Chr_CP_out_char
0x0143	0x2093      	CALL       _Lcd_Chr_CP
0x0144	0x0AC2      	INCF       Lcd_Out_i_L0, 1
0x0145	0x2938      	GOTO       L_Lcd_Out18
L_Lcd_Out19:
;__Lib_Lcd.c,201 :: 		
0x0146	0x1433      	BSF        __Lib_Lcd_cmd_status, BitPos(__Lib_Lcd_cmd_status+0)
;__Lib_Lcd.c,202 :: 		
L_end_Lcd_Out:
0x0147	0x0008      	RETURN
; end of _Lcd_Out
_initialize_timer_Interrupt:
;Timer Interrupt.c,19 :: 		void initialize_timer_Interrupt(void){
;Timer Interrupt.c,20 :: 		TMR0IE_bit=1;       // Enable timer 0 interrupt
0x0148	0x168B      	BSF        TMR0IE_bit, BitPos(TMR0IE_bit+0)
;Timer Interrupt.c,21 :: 		GIE_bit=1;          //Enable Global Interrupt
0x0149	0x178B      	BSF        GIE_bit, BitPos(GIE_bit+0)
;Timer Interrupt.c,22 :: 		T0CS_bit=0;                  // Select f/4 clock for the TMR0
0x014A	0x1683      	BSF        STATUS, 5
0x014B	0x1303      	BCF        STATUS, 6
0x014C	0x1281      	BCF        T0CS_bit, BitPos(T0CS_bit+0)
;Timer Interrupt.c,23 :: 		PSA_bit=0;                 // Prescaler is assigned to the Timer0 module
0x014D	0x1181      	BCF        PSA_bit, BitPos(PSA_bit+0)
;Timer Interrupt.c,24 :: 		PS0_bit=0;                // Set pre-scaler to 32
0x014E	0x1001      	BCF        PS0_bit, BitPos(PS0_bit+0)
;Timer Interrupt.c,25 :: 		PS1_bit=0;                // PS2,PS1,PS0 = 100
0x014F	0x1081      	BCF        PS1_bit, BitPos(PS1_bit+0)
;Timer Interrupt.c,26 :: 		PS2_bit=1;
0x0150	0x1501      	BSF        PS2_bit, BitPos(PS2_bit+0)
;Timer Interrupt.c,27 :: 		TMR0=6;                  //counter starting value
0x0151	0x3006      	MOVLW      6
0x0152	0x1283      	BCF        STATUS, 5
0x0153	0x0081      	MOVWF      TMR0
;Timer Interrupt.c,28 :: 		}
L_end_initialize_timer_Interrupt:
0x0154	0x0008      	RETURN
; end of _initialize_timer_Interrupt
_Lcd_Init:
;__Lib_Lcd.c,84 :: 		
;__Lib_Lcd.c,86 :: 		
0x0155	0x1683      	BSF        STATUS, 5
0x0156	0x1303      	BCF        STATUS, 6
0x0157	0x1286      	BCF        LCD_EN_Direction, BitPos(LCD_EN_Direction+0)
;__Lib_Lcd.c,87 :: 		
0x0158	0x1206      	BCF        LCD_RS_Direction, BitPos(LCD_RS_Direction+0)
;__Lib_Lcd.c,88 :: 		
0x0159	0x1006      	BCF        LCD_D4_Direction, BitPos(LCD_D4_Direction+0)
;__Lib_Lcd.c,89 :: 		
0x015A	0x1086      	BCF        LCD_D5_Direction, BitPos(LCD_D5_Direction+0)
;__Lib_Lcd.c,90 :: 		
0x015B	0x1106      	BCF        LCD_D6_Direction, BitPos(LCD_D6_Direction+0)
;__Lib_Lcd.c,91 :: 		
0x015C	0x1186      	BCF        LCD_D7_Direction, BitPos(LCD_D7_Direction+0)
;__Lib_Lcd.c,93 :: 		
0x015D	0x1283      	BCF        STATUS, 5
0x015E	0x1286      	BCF        LCD_EN, BitPos(LCD_EN+0)
;__Lib_Lcd.c,94 :: 		
0x015F	0x1206      	BCF        LCD_RS, BitPos(LCD_RS+0)
;__Lib_Lcd.c,95 :: 		
0x0160	0x1186      	BCF        LCD_D7, BitPos(LCD_D7+0)
;__Lib_Lcd.c,96 :: 		
0x0161	0x1106      	BCF        LCD_D6, BitPos(LCD_D6+0)
;__Lib_Lcd.c,97 :: 		
0x0162	0x1086      	BCF        LCD_D5, BitPos(LCD_D5+0)
;__Lib_Lcd.c,98 :: 		
0x0163	0x1006      	BCF        LCD_D4, BitPos(LCD_D4+0)
;__Lib_Lcd.c,100 :: 		
0x0164	0x2024      	CALL       _Delay_5500us
;__Lib_Lcd.c,101 :: 		
0x0165	0x2024      	CALL       _Delay_5500us
;__Lib_Lcd.c,102 :: 		
0x0166	0x2024      	CALL       _Delay_5500us
;__Lib_Lcd.c,105 :: 		
0x0167	0x1486      	BSF        LCD_D5, BitPos(LCD_D5+0)
;__Lib_Lcd.c,106 :: 		
0x0168	0x1406      	BSF        LCD_D4, BitPos(LCD_D4+0)
;__Lib_Lcd.c,107 :: 		
0x0169	0x1686      	BSF        LCD_EN, BitPos(LCD_EN+0)
;__Lib_Lcd.c,108 :: 		
0x016A	0x201A      	CALL       _Delay_1us
;__Lib_Lcd.c,109 :: 		
0x016B	0x1286      	BCF        LCD_EN, BitPos(LCD_EN+0)
;__Lib_Lcd.c,110 :: 		
0x016C	0x2024      	CALL       _Delay_5500us
;__Lib_Lcd.c,112 :: 		
0x016D	0x1686      	BSF        LCD_EN, BitPos(LCD_EN+0)
;__Lib_Lcd.c,113 :: 		
0x016E	0x201A      	CALL       _Delay_1us
;__Lib_Lcd.c,114 :: 		
0x016F	0x1286      	BCF        LCD_EN, BitPos(LCD_EN+0)
;__Lib_Lcd.c,115 :: 		
0x0170	0x2024      	CALL       _Delay_5500us
;__Lib_Lcd.c,117 :: 		
0x0171	0x1686      	BSF        LCD_EN, BitPos(LCD_EN+0)
;__Lib_Lcd.c,118 :: 		
0x0172	0x201A      	CALL       _Delay_1us
;__Lib_Lcd.c,119 :: 		
0x0173	0x1286      	BCF        LCD_EN, BitPos(LCD_EN+0)
;__Lib_Lcd.c,120 :: 		
0x0174	0x2024      	CALL       _Delay_5500us
;__Lib_Lcd.c,123 :: 		
0x0175	0x1006      	BCF        LCD_D4, BitPos(LCD_D4+0)
;__Lib_Lcd.c,124 :: 		
0x0176	0x1686      	BSF        LCD_EN, BitPos(LCD_EN+0)
;__Lib_Lcd.c,125 :: 		
0x0177	0x201A      	CALL       _Delay_1us
;__Lib_Lcd.c,126 :: 		
0x0178	0x1286      	BCF        LCD_EN, BitPos(LCD_EN+0)
;__Lib_Lcd.c,127 :: 		
0x0179	0x2024      	CALL       _Delay_5500us
;__Lib_Lcd.c,130 :: 		
0x017A	0x1686      	BSF        LCD_EN, BitPos(LCD_EN+0)
;__Lib_Lcd.c,131 :: 		
0x017B	0x201A      	CALL       _Delay_1us
;__Lib_Lcd.c,132 :: 		
0x017C	0x1286      	BCF        LCD_EN, BitPos(LCD_EN+0)
;__Lib_Lcd.c,134 :: 		
0x017D	0x1086      	BCF        LCD_D5, BitPos(LCD_D5+0)
;__Lib_Lcd.c,135 :: 		
0x017E	0x1586      	BSF        LCD_D7, BitPos(LCD_D7+0)
;__Lib_Lcd.c,136 :: 		
0x017F	0x1686      	BSF        LCD_EN, BitPos(LCD_EN+0)
;__Lib_Lcd.c,137 :: 		
0x0180	0x201A      	CALL       _Delay_1us
;__Lib_Lcd.c,138 :: 		
0x0181	0x1286      	BCF        LCD_EN, BitPos(LCD_EN+0)
;__Lib_Lcd.c,139 :: 		
0x0182	0x2024      	CALL       _Delay_5500us
;__Lib_Lcd.c,142 :: 		
0x0183	0x1186      	BCF        LCD_D7, BitPos(LCD_D7+0)
;__Lib_Lcd.c,143 :: 		
0x0184	0x1406      	BSF        LCD_D4, BitPos(LCD_D4+0)
;__Lib_Lcd.c,144 :: 		
0x0185	0x1686      	BSF        LCD_EN, BitPos(LCD_EN+0)
;__Lib_Lcd.c,145 :: 		
0x0186	0x201A      	CALL       _Delay_1us
;__Lib_Lcd.c,146 :: 		
0x0187	0x1286      	BCF        LCD_EN, BitPos(LCD_EN+0)
;__Lib_Lcd.c,148 :: 		
0x0188	0x1006      	BCF        LCD_D4, BitPos(LCD_D4+0)
;__Lib_Lcd.c,149 :: 		
0x0189	0x1686      	BSF        LCD_EN, BitPos(LCD_EN+0)
;__Lib_Lcd.c,150 :: 		
0x018A	0x201A      	CALL       _Delay_1us
;__Lib_Lcd.c,151 :: 		
0x018B	0x1286      	BCF        LCD_EN, BitPos(LCD_EN+0)
;__Lib_Lcd.c,152 :: 		
0x018C	0x2024      	CALL       _Delay_5500us
;__Lib_Lcd.c,155 :: 		
0x018D	0x1686      	BSF        LCD_EN, BitPos(LCD_EN+0)
;__Lib_Lcd.c,156 :: 		
0x018E	0x201A      	CALL       _Delay_1us
;__Lib_Lcd.c,157 :: 		
0x018F	0x1286      	BCF        LCD_EN, BitPos(LCD_EN+0)
;__Lib_Lcd.c,159 :: 		
0x0190	0x1406      	BSF        LCD_D4, BitPos(LCD_D4+0)
;__Lib_Lcd.c,160 :: 		
0x0191	0x1686      	BSF        LCD_EN, BitPos(LCD_EN+0)
;__Lib_Lcd.c,161 :: 		
0x0192	0x201A      	CALL       _Delay_1us
;__Lib_Lcd.c,162 :: 		
0x0193	0x1286      	BCF        LCD_EN, BitPos(LCD_EN+0)
;__Lib_Lcd.c,163 :: 		
0x0194	0x2024      	CALL       _Delay_5500us
;__Lib_Lcd.c,166 :: 		
0x0195	0x1006      	BCF        LCD_D4, BitPos(LCD_D4+0)
;__Lib_Lcd.c,167 :: 		
0x0196	0x1686      	BSF        LCD_EN, BitPos(LCD_EN+0)
;__Lib_Lcd.c,168 :: 		
0x0197	0x201A      	CALL       _Delay_1us
;__Lib_Lcd.c,169 :: 		
0x0198	0x1286      	BCF        LCD_EN, BitPos(LCD_EN+0)
;__Lib_Lcd.c,171 :: 		
0x0199	0x1586      	BSF        LCD_D7, BitPos(LCD_D7+0)
;__Lib_Lcd.c,172 :: 		
0x019A	0x1506      	BSF        LCD_D6, BitPos(LCD_D6+0)
;__Lib_Lcd.c,173 :: 		
0x019B	0x1486      	BSF        LCD_D5, BitPos(LCD_D5+0)
;__Lib_Lcd.c,174 :: 		
0x019C	0x1406      	BSF        LCD_D4, BitPos(LCD_D4+0)
;__Lib_Lcd.c,175 :: 		
0x019D	0x1686      	BSF        LCD_EN, BitPos(LCD_EN+0)
;__Lib_Lcd.c,176 :: 		
0x019E	0x201A      	CALL       _Delay_1us
;__Lib_Lcd.c,177 :: 		
0x019F	0x1286      	BCF        LCD_EN, BitPos(LCD_EN+0)
;__Lib_Lcd.c,179 :: 		
0x01A0	0x2024      	CALL       _Delay_5500us
;__Lib_Lcd.c,181 :: 		
0x01A1	0x1433      	BSF        __Lib_Lcd_cmd_status, BitPos(__Lib_Lcd_cmd_status+0)
;__Lib_Lcd.c,182 :: 		
L_end_Lcd_Init:
0x01A2	0x0008      	RETURN
; end of _Lcd_Init
___CC2DW:
;__Lib_System.c,134 :: 		
;__Lib_System.c,137 :: 		
_CC2D_Loop1:
;__Lib_System.c,139 :: 		
0x01A3	0x208C      	CALL       _____DoICP
0x01A4	0x118A      	BCF        PCLATH, 3
0x01A5	0x120A      	BCF        PCLATH, 4
;__Lib_System.c,141 :: 		
0x01A6	0x0080      	MOVWF      INDF
;__Lib_System.c,142 :: 		
0x01A7	0x0A84      	INCF       FSR, 1
;__Lib_System.c,143 :: 		
0x01A8	0x0ABB      	INCF       ___DoICPAddr, 1
;__Lib_System.c,145 :: 		
0x01A9	0x1903      	BTFSC      STATUS, 2
;__Lib_System.c,146 :: 		
0x01AA	0x0ABC      	INCF       ___DoICPAddr+1, 1
;__Lib_System.c,147 :: 		
0x01AB	0x03F0      	DECF       R0, 1
;__Lib_System.c,149 :: 		
0x01AC	0x1D03      	BTFSS      STATUS, 2
;__Lib_System.c,150 :: 		
0x01AD	0x29A3      	GOTO       _CC2D_Loop1
;__Lib_System.c,152 :: 		
L_end___CC2DW:
0x01AE	0x0008      	RETURN
; end of ___CC2DW
_main:
0x01AF	0x1283      	BCF        STATUS, 5
0x01B0	0x1303      	BCF        STATUS, 6
0x01B1	0x01A0      	CLRF       _counter
0x01B2	0x01A1      	CLRF       33
0x01B3	0x3045      	MOVLW      69
0x01B4	0x00A2      	MOVWF      ?lstr1_Timer_32Interrupt
0x01B5	0x306C      	MOVLW      108
0x01B6	0x00A3      	MOVWF      35
0x01B7	0x3061      	MOVLW      97
0x01B8	0x00A4      	MOVWF      36
0x01B9	0x3070      	MOVLW      112
0x01BA	0x00A5      	MOVWF      37
0x01BB	0x3065      	MOVLW      101
0x01BC	0x00A6      	MOVWF      38
0x01BD	0x3073      	MOVLW      115
0x01BE	0x00A7      	MOVWF      39
0x01BF	0x3065      	MOVLW      101
0x01C0	0x00A8      	MOVWF      40
0x01C1	0x3064      	MOVLW      100
0x01C2	0x00A9      	MOVWF      41
0x01C3	0x3020      	MOVLW      32
0x01C4	0x00AA      	MOVWF      42
0x01C5	0x3054      	MOVLW      84
0x01C6	0x00AB      	MOVWF      43
0x01C7	0x3069      	MOVLW      105
0x01C8	0x00AC      	MOVWF      44
0x01C9	0x306D      	MOVLW      109
0x01CA	0x00AD      	MOVWF      45
0x01CB	0x3065      	MOVLW      101
0x01CC	0x00AE      	MOVWF      46
0x01CD	0x303A      	MOVLW      58
0x01CE	0x00AF      	MOVWF      47
0x01CF	0x01B0      	CLRF       48
;Timer Interrupt.c,30 :: 		void main() {
;Timer Interrupt.c,31 :: 		Lcd_Init();   // Initiate the LCD
0x01D0	0x2155      	CALL       _Lcd_Init
;Timer Interrupt.c,32 :: 		LCD_Cmd(_LCD_CURSOR_OFF);     // Stop the cursor
0x01D1	0x300C      	MOVLW      12
0x01D2	0x00C8      	MOVWF      FARG_Lcd_Cmd_out_char
0x01D3	0x202F      	CALL       _Lcd_Cmd
;Timer Interrupt.c,33 :: 		Lcd_Out(1,1,"Elapesed Time:");  // Show elapsed time message
0x01D4	0x3001      	MOVLW      1
0x01D5	0x00BF      	MOVWF      FARG_Lcd_Out_row
0x01D6	0x3001      	MOVLW      1
0x01D7	0x00C0      	MOVWF      FARG_Lcd_Out_column
0x01D8	0x3022      	MOVLW      ?lstr1_Timer_32Interrupt
0x01D9	0x00C1      	MOVWF      FARG_Lcd_Out_text
0x01DA	0x2108      	CALL       _Lcd_Out
;Timer Interrupt.c,34 :: 		initialize_timer_Interrupt();   // invoke timer interrupt initialization function
0x01DB	0x2148      	CALL       _initialize_timer_Interrupt
;Timer Interrupt.c,35 :: 		while(1){
L_main0:
;Timer Interrupt.c,36 :: 		if(counter==125){  // check if the counter reaches 125
0x01DC	0x3000      	MOVLW      0
0x01DD	0x0621      	XORWF      _counter+1, 0
0x01DE	0x1D03      	BTFSS      STATUS, 2
0x01DF	0x29E2      	GOTO       L__main6
0x01E0	0x307D      	MOVLW      125
0x01E1	0x0620      	XORWF      _counter, 0
L__main6:
0x01E2	0x1D03      	BTFSS      STATUS, 2
0x01E3	0x29F7      	GOTO       L_main2
;Timer Interrupt.c,37 :: 		counter=0;      // start counter from the beginning
0x01E4	0x01A0      	CLRF       _counter
0x01E5	0x01A1      	CLRF       _counter+1
;Timer Interrupt.c,38 :: 		time=time++;    // increase time one second
0x01E6	0x0AB1      	INCF       _time, 1
0x01E7	0x1903      	BTFSC      STATUS, 2
0x01E8	0x0AB2      	INCF       _time+1, 1
;Timer Interrupt.c,39 :: 		IntToStrWithZeros(time, txt);  // convert the number of seconds to string
0x01E9	0x0831      	MOVF       _time, 0
0x01EA	0x00BF      	MOVWF      FARG_IntToStrWithZeros_input
0x01EB	0x0832      	MOVF       _time+1, 0
0x01EC	0x00C0      	MOVWF      FARG_IntToStrWithZeros_input+1
0x01ED	0x3034      	MOVLW      _txt
0x01EE	0x00C1      	MOVWF      FARG_IntToStrWithZeros_output
0x01EF	0x209B      	CALL       _IntToStrWithZeros
;Timer Interrupt.c,40 :: 		Lcd_Out(2,1,txt);              // display the number of seconds
0x01F0	0x3002      	MOVLW      2
0x01F1	0x00BF      	MOVWF      FARG_Lcd_Out_row
0x01F2	0x3001      	MOVLW      1
0x01F3	0x00C0      	MOVWF      FARG_Lcd_Out_column
0x01F4	0x3034      	MOVLW      _txt
0x01F5	0x00C1      	MOVWF      FARG_Lcd_Out_text
0x01F6	0x2108      	CALL       _Lcd_Out
;Timer Interrupt.c,41 :: 		}
L_main2:
;Timer Interrupt.c,42 :: 		}
0x01F7	0x29DC      	GOTO       L_main0
;Timer Interrupt.c,44 :: 		}
L_end_main:
0x01F8	0x29F8      	GOTO       $+0
; end of _main
Symbol List:
//** Routines locations **
//ADDRESS    SIZE    PROCEDURE
//----------------------------------------------
0x0004      [22]    _interrupt
0x001A       [2]    _Delay_1us
0x001C       [8]    _Delay_50us
0x0024      [11]    _Delay_5500us
0x002F      [64]    _Lcd_Cmd
0x006F      [29]    _Div_16X16_U
0x008C       [7]    _____DoICP
0x0093       [8]    _Lcd_Chr_CP
0x009B     [109]    _IntToStrWithZeros
0x0108      [64]    _Lcd_Out
0x0148      [13]    _initialize_timer_Interrupt
0x0155      [78]    _Lcd_Init
0x01A3      [12]    ___CC2DW
0x01AF      [74]    _main
//** Variables locations ** 
//ADDRESS    SIZE    VARIABLE
//----------------------------------------------
0x0000       [1]    INDF
0x0001       [1]    TMR0
0x0002       [1]    PCL
0x0003       [1]    STATUS
0x0004       [1]    FSR
0x0006       [0]    RB4_bit
0x0006       [0]    LCD_D6
0x0006       [0]    LCD_D7
0x0006       [0]    LCD_EN
0x0006       [0]    RB3_bit
0x0006       [0]    LCD_RS
0x0006       [0]    RB2_bit
0x0006       [0]    LCD_D4
0x0006       [0]    RB1_bit
0x0006       [0]    RB5_bit
0x0006       [0]    LCD_D5
0x0006       [0]    RB0_bit
0x000A       [1]    PCLATH
0x000B       [0]    GIE_bit
0x000B       [0]    TMR0IE_bit
0x000B       [1]    INTCON
0x0020       [2]    _counter
0x0022      [15]    ?lstr1_Timer_32Interrupt
0x0031       [2]    _time
0x0033       [0]    __Lib_Lcd_cmd_status
0x0034       [7]    _txt
0x003B       [2]    ___DoICPAddr
0x003D       [1]    ___savePCLATH
0x003E       [1]    ___saveSTATUS
0x003F       [1]    FARG_Lcd_Out_row
0x003F       [2]    FARG_IntToStrWithZeros_input
0x0040       [1]    FARG_Lcd_Out_column
0x0041       [1]    FARG_Lcd_Out_text
0x0041       [1]    FARG_IntToStrWithZeros_output
0x0042       [1]    IntToStrWithZeros_negative_L0
0x0042       [1]    Lcd_Out_i_L0
0x0043       [1]    IntToStrWithZeros_len_L0
0x0044       [2]    IntToStrWithZeros_tmp_L0
0x0046       [1]    FLOC__IntToStrWithZeros
0x0047       [1]    FARG_Lcd_Chr_CP_out_char
0x0048       [1]    FARG_Lcd_Cmd_out_char
0x0070       [1]    R0
0x0071       [1]    R1
0x0072       [1]    R2
0x0073       [1]    R3
0x0074       [1]    R4
0x0075       [1]    R5
0x0076       [1]    R6
0x0077       [1]    R7
0x0078       [1]    R8
0x0079       [1]    R9
0x007A       [1]    R10
0x007B       [1]    R11
0x007C       [1]    R12
0x007D       [1]    R13
0x007E       [1]    R14
0x007F       [1]    R15
0x0081       [0]    PS1_bit
0x0081       [0]    PS2_bit
0x0081       [0]    PS0_bit
0x0081       [0]    PSA_bit
0x0081       [0]    T0CS_bit
0x0086       [0]    LCD_EN_Direction
0x0086       [0]    LCD_D7_Direction
0x0086       [0]    TRISB5_bit
0x0086       [0]    LCD_RS_Direction
0x0086       [0]    LCD_D4_Direction
0x0086       [0]    LCD_D6_Direction
0x0086       [0]    LCD_D5_Direction
0x0086       [0]    TRISB4_bit
0x0086       [0]    TRISB0_bit
0x0086       [0]    TRISB1_bit
0x0086       [0]    TRISB3_bit
0x0086       [0]    TRISB2_bit
