;  LST file generated by mikroListExporter - v.2.0 
; Date/Time: 2/9/2017 7:39:39 PM
;----------------------------------------------

;Address Opcode 	ASM
0x0000	0x282A      	GOTO       42
_interrupt:
0x0004	0x00FF      	MOVWF      R15
0x0005	0x0E03      	SWAPF      STATUS, 0
0x0006	0x0183      	CLRF       STATUS
0x0007	0x00A2      	MOVWF      ___saveSTATUS
0x0008	0x080A      	MOVF       PCLATH, 0
0x0009	0x00A3      	MOVWF      ___savePCLATH
0x000A	0x018A      	CLRF       PCLATH
;External Interrupt.c,8 :: 		void interrupt(void){
;External Interrupt.c,10 :: 		if(INTF_bit==1){
0x000B	0x1C8B      	BTFSS      INTF_bit, BitPos(INTF_bit+0)
0x000C	0x2810      	GOTO       L_interrupt0
;External Interrupt.c,11 :: 		INTF_bit=0;   // To stop recursive interrupt execution
0x000D	0x108B      	BCF        INTF_bit, BitPos(INTF_bit+0)
;External Interrupt.c,12 :: 		PORTD.B0=~PORTD.B0;  // Toggle execution
0x000E	0x3001      	MOVLW      1
0x000F	0x0688      	XORWF      PORTD, 1
;External Interrupt.c,13 :: 		}
L_interrupt0:
;External Interrupt.c,14 :: 		}
L_end_interrupt:
L__interrupt3:
0x0010	0x0823      	MOVF       ___savePCLATH, 0
0x0011	0x008A      	MOVWF      PCLATH
0x0012	0x0E22      	SWAPF      ___saveSTATUS, 0
0x0013	0x0083      	MOVWF      STATUS
0x0014	0x0EFF      	SWAPF      R15, 1
0x0015	0x0E7F      	SWAPF      R15, 0
0x0016	0x0009      	RETFIE
; end of _interrupt
_____DoICP:
;__Lib_System.c,6 :: 		
;__Lib_System.c,9 :: 		
0x0017	0x1283      	BCF        STATUS, 5
0x0018	0x1303      	BCF        STATUS, 6
0x0019	0x0821      	MOVF       ___DoICPAddr+1, 0
0x001A	0x008A      	MOVWF      PCLATH
;__Lib_System.c,10 :: 		
0x001B	0x0820      	MOVF       ___DoICPAddr, 0
0x001C	0x0082      	MOVWF      PCL
;__Lib_System.c,12 :: 		
L_end_____DoICP:
0x001D	0x0008      	RETURN
; end of _____DoICP
___CC2DW:
;__Lib_System.c,134 :: 		
;__Lib_System.c,137 :: 		
_CC2D_Loop1:
;__Lib_System.c,139 :: 		
0x001E	0x2017      	CALL       _____DoICP
0x001F	0x118A      	BCF        PCLATH, 3
0x0020	0x120A      	BCF        PCLATH, 4
;__Lib_System.c,141 :: 		
0x0021	0x0080      	MOVWF      INDF
;__Lib_System.c,142 :: 		
0x0022	0x0A84      	INCF       FSR, 1
;__Lib_System.c,143 :: 		
0x0023	0x0AA0      	INCF       ___DoICPAddr, 1
;__Lib_System.c,145 :: 		
0x0024	0x1903      	BTFSC      STATUS, 2
;__Lib_System.c,146 :: 		
0x0025	0x0AA1      	INCF       ___DoICPAddr+1, 1
;__Lib_System.c,147 :: 		
0x0026	0x03F0      	DECF       R0, 1
;__Lib_System.c,149 :: 		
0x0027	0x1D03      	BTFSS      STATUS, 2
;__Lib_System.c,150 :: 		
0x0028	0x281E      	GOTO       _CC2D_Loop1
;__Lib_System.c,152 :: 		
L_end___CC2DW:
0x0029	0x0008      	RETURN
; end of ___CC2DW
_main:
;External Interrupt.c,1 :: 		void main() {
;External Interrupt.c,2 :: 		TRISB.B0=1;   //  set pin B0 as input
0x002A	0x1683      	BSF        STATUS, 5
0x002B	0x1303      	BCF        STATUS, 6
0x002C	0x1406      	BSF        TRISB, 0
;External Interrupt.c,3 :: 		TRISD.B0=0;   //  set pin D0 as output
0x002D	0x1008      	BCF        TRISD, 0
;External Interrupt.c,4 :: 		PORTD.B0=0;   //  initial output of D0 is LOGIC LOW
0x002E	0x1283      	BCF        STATUS, 5
0x002F	0x1008      	BCF        PORTD, 0
;External Interrupt.c,5 :: 		GIE_bit=1;    // This bit Enables Global Interrupts
0x0030	0x178B      	BSF        GIE_bit, BitPos(GIE_bit+0)
;External Interrupt.c,6 :: 		INTE_bit=1;   // This bit enables the external interrupt
0x0031	0x160B      	BSF        INTE_bit, BitPos(INTE_bit+0)
;External Interrupt.c,7 :: 		}
L_end_main:
0x0032	0x2832      	GOTO       $+0
; end of _main
Symbol List:
//** Routines locations **
//ADDRESS    SIZE    PROCEDURE
//----------------------------------------------
0x0004      [19]    _interrupt
0x0017       [7]    _____DoICP
0x001E      [12]    ___CC2DW
0x002A       [9]    _main
//** Variables locations ** 
//ADDRESS    SIZE    VARIABLE
//----------------------------------------------
0x0000       [1]    INDF
0x0002       [1]    PCL
0x0003       [1]    STATUS
0x0004       [1]    FSR
0x0008       [1]    PORTD
0x000A       [1]    PCLATH
0x000B       [0]    GIE_bit
0x000B       [0]    INTE_bit
0x000B       [0]    INTF_bit
0x0020       [2]    ___DoICPAddr
0x0022       [1]    ___saveSTATUS
0x0023       [1]    ___savePCLATH
0x0070       [1]    R0
0x0071       [1]    R1
0x0072       [1]    R2
0x0073       [1]    R3
0x0074       [1]    R4
0x0075       [1]    R5
0x0076       [1]    R6
0x0077       [1]    R7
0x0078       [1]    R8
0x0079       [1]    R9
0x007A       [1]    R10
0x007B       [1]    R11
0x007C       [1]    R12
0x007D       [1]    R13
0x007E       [1]    R14
0x007F       [1]    R15
0x0086       [1]    TRISB
0x0088       [1]    TRISD
